{"name": "Проверка выход из аккаунта", "status": "broken", "statusDetails": {"message": "selenium.common.exceptions.TimeoutException: Message: \nStacktrace:\nRemoteError@chrome://remote/content/shared/RemoteError.sys.mjs:8:8\nWebDriverError@chrome://remote/content/shared/webdriver/Errors.sys.mjs:193:5\nNoSuchElementError@chrome://remote/content/shared/webdriver/Errors.sys.mjs:511:5\ndom.find/</<@chrome://remote/content/shared/DOM.sys.mjs:136:16", "trace": "self = <tests.test_account_page.TestAccountPage object at 0x000001B27D003820>\ndriver = <selenium.webdriver.firefox.webdriver.WebDriver (session=\"1c92320a-50ff-4c77-a6c0-b80040ee3530\")>\ncreate_and_delete_user = ('christopher22@example.net', '5mhOtxXe^A')\n\n    @allure.title(\"Проверка выход из аккаунта\")\n    def test_exit_from_account_page(self, driver, create_and_delete_user):\n        email, password = create_and_delete_user\n        account_page = AccountPage(driver)\n        home_page = HomePage(driver)\n        home_page.click_button_log_in_account()\n        account_page.send_email_password(email, password)\n        account_page.click_login_button()\n>       home_page.wait_visible_checkout_button()\n\ntests\\test_account_page.py:27: \n_ _ _ _ _ _ _ _ _ _ _ _ _ _ _ _ _ _ _ _ _ _ _ _ _ _ _ _ _ _\npages\\home_page.py:23: in wait_visible_checkout_button\n    self.find_element_with_wait(HomePageLocators.CHECKOUT_BUTTON)\npages\\base_page.py:14: in find_element_with_wait\n    until(expected_conditions.visibility_of_element_located(locator)))\n_ _ _ _ _ _ _ _ _ _ _ _ _ _ _ _ _ _ _ _ _ _ _ _ _ _ _ _ _ _\n\nself = <selenium.webdriver.support.wait.WebDriverWait (session=\"1c92320a-50ff-4c77-a6c0-b80040ee3530\")>\nmethod = <function visibility_of_element_located.<locals>._predicate at 0x000001B27D19EE80>\nmessage = ''\n\n    def until(self, method: Callable[[D], Union[Literal[False], T]], message: str = \"\") -> T:\n        \"\"\"Wait until the method returns a value that is not False.\n    \n        Calls the method provided with the driver as an argument until the\n        return value does not evaluate to ``False``.\n    \n        Parameters:\n        ----------\n        method: callable(WebDriver)\n            - A callable object that takes a WebDriver instance as an argument.\n    \n        message: str\n            - Optional message for :exc:`TimeoutException`\n    \n        Return:\n        -------\n        object: T\n            - The result of the last call to `method`\n    \n        Raises:\n        -------\n        TimeoutException\n            - If 'method' does not return a truthy value within the WebDriverWait\n            object's timeout\n    \n        Example:\n        --------\n        >>> from selenium.webdriver.common.by import By\n        >>> from selenium.webdriver.support.ui import WebDriverWait\n        >>> from selenium.webdriver.support import expected_conditions as EC\n    \n        # Wait until an element is visible on the page\n        >>> wait = WebDriverWait(driver, 10)\n        >>> element = wait.until(EC.visibility_of_element_located((By.ID, \"exampleId\")))\n        >>> print(element.text)\n        \"\"\"\n        screen = None\n        stacktrace = None\n    \n        end_time = time.monotonic() + self._timeout\n        while True:\n            try:\n                value = method(self._driver)\n                if value:\n                    return value\n            except self._ignored_exceptions as exc:\n                screen = getattr(exc, \"screen\", None)\n                stacktrace = getattr(exc, \"stacktrace\", None)\n            if time.monotonic() > end_time:\n                break\n            time.sleep(self._poll)\n>       raise TimeoutException(message, screen, stacktrace)\nE       selenium.common.exceptions.TimeoutException: Message: \nE       Stacktrace:\nE       RemoteError@chrome://remote/content/shared/RemoteError.sys.mjs:8:8\nE       WebDriverError@chrome://remote/content/shared/webdriver/Errors.sys.mjs:193:5\nE       NoSuchElementError@chrome://remote/content/shared/webdriver/Errors.sys.mjs:511:5\nE       dom.find/</<@chrome://remote/content/shared/DOM.sys.mjs:136:16\n\n.venv\\Lib\\site-packages\\selenium\\webdriver\\support\\wait.py:146: TimeoutException"}, "steps": [{"name": "Кликнуть по кнопке \"Войти в аккаунт\" на главной", "status": "passed", "steps": [{"name": "Кликнуть на элемент", "status": "passed", "steps": [{"name": "Проверить ,что элемент кликабелен", "status": "passed", "parameters": [{"name": "locator", "value": "('xpath', '//button[ text()=\"Войти в аккаунт\" ]')"}], "start": 1738625489906, "stop": 1738625489934}], "parameters": [{"name": "locator", "value": "('xpath', '//button[ text()=\"Войти в аккаунт\" ]')"}], "start": 1738625489906, "stop": 1738625490223}], "start": 1738625489906, "stop": 1738625490223}, {"name": "Ввести Email и пароль", "status": "passed", "steps": [{"name": "Ввести значение в поле ввода", "status": "passed", "parameters": [{"name": "locator", "value": "('xpath', '//input[@name=\"name\"]')"}, {"name": "keys", "value": "'christopher22@example.net'"}], "start": 1738625490223, "stop": 1738625490272}, {"name": "Ввести значение в поле ввода", "status": "passed", "parameters": [{"name": "locator", "value": "('xpath', '//input[@name=\"Пароль\"]')"}, {"name": "keys", "value": "'5mhOtxXe^A'"}], "start": 1738625490272, "stop": 1738625490286}], "parameters": [{"name": "email", "value": "'christopher22@example.net'"}, {"name": "password", "value": "'5mhOtxXe^A'"}], "start": 1738625490223, "stop": 1738625490286}, {"name": "Кликнуть по кнопке \"Войти\"", "status": "passed", "steps": [{"name": "Кликнуть на элемент", "status": "passed", "steps": [{"name": "Проверить ,что элемент кликабелен", "status": "passed", "parameters": [{"name": "locator", "value": "('xpath', '//button[ text()=\"Войти\" ]')"}], "start": 1738625490287, "stop": 1738625490297}], "parameters": [{"name": "locator", "value": "('xpath', '//button[ text()=\"Войти\" ]')"}], "start": 1738625490287, "stop": 1738625490561}], "start": 1738625490287, "stop": 1738625490561}, {"name": "Проверка видимости кнопки Оформить заказ", "status": "broken", "statusDetails": {"message": "selenium.common.exceptions.TimeoutException: Message: \nStacktrace:\nRemoteError@chrome://remote/content/shared/RemoteError.sys.mjs:8:8\nWebDriverError@chrome://remote/content/shared/webdriver/Errors.sys.mjs:193:5\nNoSuchElementError@chrome://remote/content/shared/webdriver/Errors.sys.mjs:511:5\ndom.find/</<@chrome://remote/content/shared/DOM.sys.mjs:136:16\n\n", "trace": "  File \"C:\\Users\\ateml\\PycharmProjects\\Diplom\\Diplom_3\\.venv\\Lib\\site-packages\\allure_commons\\_allure.py\", line 192, in impl\n    return func(*a, **kw)\n  File \"C:\\Users\\ateml\\PycharmProjects\\Diplom\\Diplom_3\\pages\\home_page.py\", line 23, in wait_visible_checkout_button\n    self.find_element_with_wait(HomePageLocators.CHECKOUT_BUTTON)\n    ~~~~~~~~~~~~~~~~~~~~~~~~~~~^^^^^^^^^^^^^^^^^^^^^^^^^^^^^^^^^^\n  File \"C:\\Users\\ateml\\PycharmProjects\\Diplom\\Diplom_3\\.venv\\Lib\\site-packages\\allure_commons\\_allure.py\", line 192, in impl\n    return func(*a, **kw)\n  File \"C:\\Users\\ateml\\PycharmProjects\\Diplom\\Diplom_3\\pages\\base_page.py\", line 14, in find_element_with_wait\n    until(expected_conditions.visibility_of_element_located(locator)))\n    ~~~~~^^^^^^^^^^^^^^^^^^^^^^^^^^^^^^^^^^^^^^^^^^^^^^^^^^^^^^^^^^^^\n  File \"C:\\Users\\ateml\\PycharmProjects\\Diplom\\Diplom_3\\.venv\\Lib\\site-packages\\selenium\\webdriver\\support\\wait.py\", line 146, in until\n    raise TimeoutException(message, screen, stacktrace)\n"}, "steps": [{"name": "Подождать загрузку элемента", "status": "broken", "statusDetails": {"message": "selenium.common.exceptions.TimeoutException: Message: \nStacktrace:\nRemoteError@chrome://remote/content/shared/RemoteError.sys.mjs:8:8\nWebDriverError@chrome://remote/content/shared/webdriver/Errors.sys.mjs:193:5\nNoSuchElementError@chrome://remote/content/shared/webdriver/Errors.sys.mjs:511:5\ndom.find/</<@chrome://remote/content/shared/DOM.sys.mjs:136:16\n\n", "trace": "  File \"C:\\Users\\ateml\\PycharmProjects\\Diplom\\Diplom_3\\.venv\\Lib\\site-packages\\allure_commons\\_allure.py\", line 192, in impl\n    return func(*a, **kw)\n  File \"C:\\Users\\ateml\\PycharmProjects\\Diplom\\Diplom_3\\pages\\base_page.py\", line 14, in find_element_with_wait\n    until(expected_conditions.visibility_of_element_located(locator)))\n    ~~~~~^^^^^^^^^^^^^^^^^^^^^^^^^^^^^^^^^^^^^^^^^^^^^^^^^^^^^^^^^^^^\n  File \"C:\\Users\\ateml\\PycharmProjects\\Diplom\\Diplom_3\\.venv\\Lib\\site-packages\\selenium\\webdriver\\support\\wait.py\", line 146, in until\n    raise TimeoutException(message, screen, stacktrace)\n"}, "parameters": [{"name": "locator", "value": "('xpath', '//button[ text()=\"Оформить заказ\" ]')"}], "start": 1738625490561, "stop": 1738625500627}], "start": 1738625490561, "stop": 1738625500628}], "parameters": [{"name": "driver", "value": "'firefox'"}], "start": 1738625489906, "stop": 1738625500629, "uuid": "655b809b-fa73-4606-858b-04bd90eace5f", "historyId": "5bfed01326f936de5b91e740cc41c1f6", "testCaseId": "74e5f95da7cbef1bf7089fb69604fc5b", "fullName": "tests.test_account_page.TestAccountPage#test_exit_from_account_page", "labels": [{"name": "parentSuite", "value": "tests"}, {"name": "suite", "value": "test_account_page"}, {"name": "subSuite", "value": "TestAccountPage"}, {"name": "host", "value": "Block"}, {"name": "thread", "value": "18552-MainThread"}, {"name": "framework", "value": "pytest"}, {"name": "language", "value": "cpython3"}, {"name": "package", "value": "tests.test_account_page"}]}