{"name": "Проверка появления нового заказа в разделе \"В работе\"", "status": "broken", "statusDetails": {"message": "selenium.common.exceptions.TimeoutException: Message: \nStacktrace:\n\tGetHandleVerifier [0x00007FF6797102F5+28725]\n\t(No symbol) [0x00007FF679672AE0]\n\t(No symbol) [0x00007FF67950510A]\n\t(No symbol) [0x00007FF6795593D2]\n\t(No symbol) [0x00007FF6795595FC]\n\t(No symbol) [0x00007FF6795A3407]\n\t(No symbol) [0x00007FF67957FFEF]\n\t(No symbol) [0x00007FF6795A0181]\n\t(No symbol) [0x00007FF67957FD53]\n\t(No symbol) [0x00007FF67954A0E3]\n\t(No symbol) [0x00007FF67954B471]\n\tGetHandleVerifier [0x00007FF679A3F30D+3366989]\n\tGetHandleVerifier [0x00007FF679A512F0+3440688]\n\tGetHandleVerifier [0x00007FF679A478FD+3401277]\n\tGetHandleVerifier [0x00007FF6797DAAAB+858091]\n\t(No symbol) [0x00007FF67967E74F]\n\t(No symbol) [0x00007FF67967A304]\n\t(No symbol) [0x00007FF67967A49D]\n\t(No symbol) [0x00007FF679668B69]\n\tBaseThreadInitThunk [0x00007FF8C221259D+29]\n\tRtlUserThreadStart [0x00007FF8C356AF38+40]", "trace": "self = <tests.test_order_feed_page.TestOrderFeedPage object at 0x000001B27D164050>\ndriver = <selenium.webdriver.chrome.webdriver.WebDriver (session=\"febc45e3fd46fbc098a599bcbc2b7cb6\")>\ncreate_and_delete_user = ('hlewis@example.org', '5s3B7hnc@0')\n\n    @allure.title('Проверка появления нового заказа в разделе \"В работе\"')\n    def test_check_displaying_new_order_in_work(self, driver, create_and_delete_user):\n        email, password = create_and_delete_user\n        account_page = AccountPage(driver)\n        feed_page = OrderFeedPage(driver)\n        home_page = HomePage(driver)\n        home_page.click_button_log_in_account()\n        account_page.send_email_password(email, password)\n        account_page.click_login_button()\n>       home_page.wait_visible_checkout_button()\n\ntests\\test_order_feed_page.py:111: \n_ _ _ _ _ _ _ _ _ _ _ _ _ _ _ _ _ _ _ _ _ _ _ _ _ _ _ _ _ _\npages\\home_page.py:23: in wait_visible_checkout_button\n    self.find_element_with_wait(HomePageLocators.CHECKOUT_BUTTON)\npages\\base_page.py:14: in find_element_with_wait\n    until(expected_conditions.visibility_of_element_located(locator)))\n_ _ _ _ _ _ _ _ _ _ _ _ _ _ _ _ _ _ _ _ _ _ _ _ _ _ _ _ _ _\n\nself = <selenium.webdriver.support.wait.WebDriverWait (session=\"febc45e3fd46fbc098a599bcbc2b7cb6\")>\nmethod = <function visibility_of_element_located.<locals>._predicate at 0x000001B27D2774C0>\nmessage = ''\n\n    def until(self, method: Callable[[D], Union[Literal[False], T]], message: str = \"\") -> T:\n        \"\"\"Wait until the method returns a value that is not False.\n    \n        Calls the method provided with the driver as an argument until the\n        return value does not evaluate to ``False``.\n    \n        Parameters:\n        ----------\n        method: callable(WebDriver)\n            - A callable object that takes a WebDriver instance as an argument.\n    \n        message: str\n            - Optional message for :exc:`TimeoutException`\n    \n        Return:\n        -------\n        object: T\n            - The result of the last call to `method`\n    \n        Raises:\n        -------\n        TimeoutException\n            - If 'method' does not return a truthy value within the WebDriverWait\n            object's timeout\n    \n        Example:\n        --------\n        >>> from selenium.webdriver.common.by import By\n        >>> from selenium.webdriver.support.ui import WebDriverWait\n        >>> from selenium.webdriver.support import expected_conditions as EC\n    \n        # Wait until an element is visible on the page\n        >>> wait = WebDriverWait(driver, 10)\n        >>> element = wait.until(EC.visibility_of_element_located((By.ID, \"exampleId\")))\n        >>> print(element.text)\n        \"\"\"\n        screen = None\n        stacktrace = None\n    \n        end_time = time.monotonic() + self._timeout\n        while True:\n            try:\n                value = method(self._driver)\n                if value:\n                    return value\n            except self._ignored_exceptions as exc:\n                screen = getattr(exc, \"screen\", None)\n                stacktrace = getattr(exc, \"stacktrace\", None)\n            if time.monotonic() > end_time:\n                break\n            time.sleep(self._poll)\n>       raise TimeoutException(message, screen, stacktrace)\nE       selenium.common.exceptions.TimeoutException: Message: \nE       Stacktrace:\nE       \tGetHandleVerifier [0x00007FF6797102F5+28725]\nE       \t(No symbol) [0x00007FF679672AE0]\nE       \t(No symbol) [0x00007FF67950510A]\nE       \t(No symbol) [0x00007FF6795593D2]\nE       \t(No symbol) [0x00007FF6795595FC]\nE       \t(No symbol) [0x00007FF6795A3407]\nE       \t(No symbol) [0x00007FF67957FFEF]\nE       \t(No symbol) [0x00007FF6795A0181]\nE       \t(No symbol) [0x00007FF67957FD53]\nE       \t(No symbol) [0x00007FF67954A0E3]\nE       \t(No symbol) [0x00007FF67954B471]\nE       \tGetHandleVerifier [0x00007FF679A3F30D+3366989]\nE       \tGetHandleVerifier [0x00007FF679A512F0+3440688]\nE       \tGetHandleVerifier [0x00007FF679A478FD+3401277]\nE       \tGetHandleVerifier [0x00007FF6797DAAAB+858091]\nE       \t(No symbol) [0x00007FF67967E74F]\nE       \t(No symbol) [0x00007FF67967A304]\nE       \t(No symbol) [0x00007FF67967A49D]\nE       \t(No symbol) [0x00007FF679668B69]\nE       \tBaseThreadInitThunk [0x00007FF8C221259D+29]\nE       \tRtlUserThreadStart [0x00007FF8C356AF38+40]\n\n.venv\\Lib\\site-packages\\selenium\\webdriver\\support\\wait.py:146: TimeoutException"}, "steps": [{"name": "Кликнуть по кнопке \"Войти в аккаунт\" на главной", "status": "passed", "steps": [{"name": "Кликнуть на элемент", "status": "passed", "steps": [{"name": "Проверить ,что элемент кликабелен", "status": "passed", "parameters": [{"name": "locator", "value": "('xpath', '//button[ text()=\"Войти в аккаунт\" ]')"}], "start": 1738625911867, "stop": 1738625911894}], "parameters": [{"name": "locator", "value": "('xpath', '//button[ text()=\"Войти в аккаунт\" ]')"}], "start": 1738625911867, "stop": 1738625912182}], "start": 1738625911867, "stop": 1738625912182}, {"name": "Ввести Email и пароль", "status": "passed", "steps": [{"name": "Ввести значение в поле ввода", "status": "passed", "parameters": [{"name": "locator", "value": "('xpath', '//input[@name=\"name\"]')"}, {"name": "keys", "value": "'hlewis@example.org'"}], "start": 1738625912182, "stop": 1738625912279}, {"name": "Ввести значение в поле ввода", "status": "passed", "parameters": [{"name": "locator", "value": "('xpath', '//input[@name=\"Пароль\"]')"}, {"name": "keys", "value": "'5s3B7hnc@0'"}], "start": 1738625912280, "stop": 1738625912341}], "parameters": [{"name": "email", "value": "'hlewis@example.org'"}, {"name": "password", "value": "'5s3B7hnc@0'"}], "start": 1738625912182, "stop": 1738625912341}, {"name": "Кликнуть по кнопке \"Войти\"", "status": "passed", "steps": [{"name": "Кликнуть на элемент", "status": "passed", "steps": [{"name": "Проверить ,что элемент кликабелен", "status": "passed", "parameters": [{"name": "locator", "value": "('xpath', '//button[ text()=\"Войти\" ]')"}], "start": 1738625912341, "stop": 1738625912365}], "parameters": [{"name": "locator", "value": "('xpath', '//button[ text()=\"Войти\" ]')"}], "start": 1738625912341, "stop": 1738625912655}], "start": 1738625912341, "stop": 1738625912655}, {"name": "Проверка видимости кнопки Оформить заказ", "status": "broken", "statusDetails": {"message": "selenium.common.exceptions.TimeoutException: Message: \nStacktrace:\n\tGetHandleVerifier [0x00007FF6797102F5+28725]\n\t(No symbol) [0x00007FF679672AE0]\n\t(No symbol) [0x00007FF67950510A]\n\t(No symbol) [0x00007FF6795593D2]\n\t(No symbol) [0x00007FF6795595FC]\n\t(No symbol) [0x00007FF6795A3407]\n\t(No symbol) [0x00007FF67957FFEF]\n\t(No symbol) [0x00007FF6795A0181]\n\t(No symbol) [0x00007FF67957FD53]\n\t(No symbol) [0x00007FF67954A0E3]\n\t(No symbol) [0x00007FF67954B471]\n\tGetHandleVerifier [0x00007FF679A3F30D+3366989]\n\tGetHandleVerifier [0x00007FF679A512F0+3440688]\n\tGetHandleVerifier [0x00007FF679A478FD+3401277]\n\tGetHandleVerifier [0x00007FF6797DAAAB+858091]\n\t(No symbol) [0x00007FF67967E74F]\n\t(No symbol) [0x00007FF67967A304]\n\t(No symbol) [0x00007FF67967A49D]\n\t(No symbol) [0x00007FF679668B69]\n\tBaseThreadInitThunk [0x00007FF8C221259D+29]\n\tRtlUserThreadStart [0x00007FF8C356AF38+40]\n\n", "trace": "  File \"C:\\Users\\ateml\\PycharmProjects\\Diplom\\Diplom_3\\.venv\\Lib\\site-packages\\allure_commons\\_allure.py\", line 192, in impl\n    return func(*a, **kw)\n  File \"C:\\Users\\ateml\\PycharmProjects\\Diplom\\Diplom_3\\pages\\home_page.py\", line 23, in wait_visible_checkout_button\n    self.find_element_with_wait(HomePageLocators.CHECKOUT_BUTTON)\n    ~~~~~~~~~~~~~~~~~~~~~~~~~~~^^^^^^^^^^^^^^^^^^^^^^^^^^^^^^^^^^\n  File \"C:\\Users\\ateml\\PycharmProjects\\Diplom\\Diplom_3\\.venv\\Lib\\site-packages\\allure_commons\\_allure.py\", line 192, in impl\n    return func(*a, **kw)\n  File \"C:\\Users\\ateml\\PycharmProjects\\Diplom\\Diplom_3\\pages\\base_page.py\", line 14, in find_element_with_wait\n    until(expected_conditions.visibility_of_element_located(locator)))\n    ~~~~~^^^^^^^^^^^^^^^^^^^^^^^^^^^^^^^^^^^^^^^^^^^^^^^^^^^^^^^^^^^^\n  File \"C:\\Users\\ateml\\PycharmProjects\\Diplom\\Diplom_3\\.venv\\Lib\\site-packages\\selenium\\webdriver\\support\\wait.py\", line 146, in until\n    raise TimeoutException(message, screen, stacktrace)\n"}, "steps": [{"name": "Подождать загрузку элемента", "status": "broken", "statusDetails": {"message": "selenium.common.exceptions.TimeoutException: Message: \nStacktrace:\n\tGetHandleVerifier [0x00007FF6797102F5+28725]\n\t(No symbol) [0x00007FF679672AE0]\n\t(No symbol) [0x00007FF67950510A]\n\t(No symbol) [0x00007FF6795593D2]\n\t(No symbol) [0x00007FF6795595FC]\n\t(No symbol) [0x00007FF6795A3407]\n\t(No symbol) [0x00007FF67957FFEF]\n\t(No symbol) [0x00007FF6795A0181]\n\t(No symbol) [0x00007FF67957FD53]\n\t(No symbol) [0x00007FF67954A0E3]\n\t(No symbol) [0x00007FF67954B471]\n\tGetHandleVerifier [0x00007FF679A3F30D+3366989]\n\tGetHandleVerifier [0x00007FF679A512F0+3440688]\n\tGetHandleVerifier [0x00007FF679A478FD+3401277]\n\tGetHandleVerifier [0x00007FF6797DAAAB+858091]\n\t(No symbol) [0x00007FF67967E74F]\n\t(No symbol) [0x00007FF67967A304]\n\t(No symbol) [0x00007FF67967A49D]\n\t(No symbol) [0x00007FF679668B69]\n\tBaseThreadInitThunk [0x00007FF8C221259D+29]\n\tRtlUserThreadStart [0x00007FF8C356AF38+40]\n\n", "trace": "  File \"C:\\Users\\ateml\\PycharmProjects\\Diplom\\Diplom_3\\.venv\\Lib\\site-packages\\allure_commons\\_allure.py\", line 192, in impl\n    return func(*a, **kw)\n  File \"C:\\Users\\ateml\\PycharmProjects\\Diplom\\Diplom_3\\pages\\base_page.py\", line 14, in find_element_with_wait\n    until(expected_conditions.visibility_of_element_located(locator)))\n    ~~~~~^^^^^^^^^^^^^^^^^^^^^^^^^^^^^^^^^^^^^^^^^^^^^^^^^^^^^^^^^^^^\n  File \"C:\\Users\\ateml\\PycharmProjects\\Diplom\\Diplom_3\\.venv\\Lib\\site-packages\\selenium\\webdriver\\support\\wait.py\", line 146, in until\n    raise TimeoutException(message, screen, stacktrace)\n"}, "parameters": [{"name": "locator", "value": "('xpath', '//button[ text()=\"Оформить заказ\" ]')"}], "start": 1738625912655, "stop": 1738625922817}], "start": 1738625912655, "stop": 1738625922817}], "parameters": [{"name": "driver", "value": "'chrome'"}], "start": 1738625911867, "stop": 1738625922818, "uuid": "a4e55fb6-ffad-47fd-b05a-5e018853d705", "historyId": "7831c4997c616abac51cc6dc7866765d", "testCaseId": "3fc1907fa8b1d79c05b31631ba8f6536", "fullName": "tests.test_order_feed_page.TestOrderFeedPage#test_check_displaying_new_order_in_work", "labels": [{"name": "parentSuite", "value": "tests"}, {"name": "suite", "value": "test_order_feed_page"}, {"name": "subSuite", "value": "TestOrderFeedPage"}, {"name": "host", "value": "Block"}, {"name": "thread", "value": "18552-MainThread"}, {"name": "framework", "value": "pytest"}, {"name": "language", "value": "cpython3"}, {"name": "package", "value": "tests.test_order_feed_page"}]}