{"name": "Проверка при создании нового заказа счётчик Выполнено за \"сегодня\" увеличивается", "status": "broken", "statusDetails": {"message": "selenium.common.exceptions.TimeoutException: Message: \nStacktrace:\n\tGetHandleVerifier [0x00007FF6797102F5+28725]\n\t(No symbol) [0x00007FF679672AE0]\n\t(No symbol) [0x00007FF67950510A]\n\t(No symbol) [0x00007FF6795593D2]\n\t(No symbol) [0x00007FF6795595FC]\n\t(No symbol) [0x00007FF6795A3407]\n\t(No symbol) [0x00007FF67957FFEF]\n\t(No symbol) [0x00007FF6795A0181]\n\t(No symbol) [0x00007FF67957FD53]\n\t(No symbol) [0x00007FF67954A0E3]\n\t(No symbol) [0x00007FF67954B471]\n\tGetHandleVerifier [0x00007FF679A3F30D+3366989]\n\tGetHandleVerifier [0x00007FF679A512F0+3440688]\n\tGetHandleVerifier [0x00007FF679A478FD+3401277]\n\tGetHandleVerifier [0x00007FF6797DAAAB+858091]\n\t(No symbol) [0x00007FF67967E74F]\n\t(No symbol) [0x00007FF67967A304]\n\t(No symbol) [0x00007FF67967A49D]\n\t(No symbol) [0x00007FF679668B69]\n\tBaseThreadInitThunk [0x00007FF8C221259D+29]\n\tRtlUserThreadStart [0x00007FF8C356AF38+40]", "trace": "self = <tests.test_order_feed_page.TestOrderFeedPage object at 0x000001B27D0C7570>\ndriver = <selenium.webdriver.chrome.webdriver.WebDriver (session=\"bb5ebe3bbfc310bcd9c47aefd017619e\")>\ncreate_and_delete_user = ('dwheeler@example.com', 'k!)6YOyajg')\n\n    @allure.title('Проверка при создании нового заказа счётчик Выполнено за \"сегодня\" увеличивается')\n    def test_inc_counter_of_today_orders(self, driver, create_and_delete_user):\n        \"\"\"\n        Тест проверяет, что счетчик заказов на сегодня увеличивается после оформления нового заказа.\n        \"\"\"\n        # Данные пользователя (email, пароль)\n        email, password = create_and_delete_user\n    \n        # Инициализация страниц\n        account_page = AccountPage(driver)\n        feed_page = OrderFeedPage(driver)\n        home_page = HomePage(driver)\n    \n    \n    \n        # Шаг 1: Авторизоваться в аккаунте\n        home_page.click_constructor_button()\n        home_page.click_button_log_in_account()\n        account_page.send_email_password(email, password)\n        account_page.click_login_button()\n        time.sleep(5)\n        # Шаг 2: Перейти на страницу ленты заказов и получить начальное количество заказов\n        driver.get(f'{URLs.BASE_URL}{URLs.FEED_PAGE_URL}')\n        orders_cnt_1 = feed_page.get_cnt_orders_today()\n    \n    \n    \n        # Шаг 3: Добавить ингредиент в корзину и оформить заказ\n>       home_page.drag_and_drop_ingredient_to_basket()\n\ntests\\test_order_feed_page.py:85: \n_ _ _ _ _ _ _ _ _ _ _ _ _ _ _ _ _ _ _ _ _ _ _ _ _ _ _ _ _ _\npages\\home_page.py:60: in drag_and_drop_ingredient_to_basket\n    from_element = self.find_element_with_wait(HomePageLocators.INGREDIENT_FROM_CONSTRUCTOR)\npages\\base_page.py:14: in find_element_with_wait\n    until(expected_conditions.visibility_of_element_located(locator)))\n_ _ _ _ _ _ _ _ _ _ _ _ _ _ _ _ _ _ _ _ _ _ _ _ _ _ _ _ _ _\n\nself = <selenium.webdriver.support.wait.WebDriverWait (session=\"bb5ebe3bbfc310bcd9c47aefd017619e\")>\nmethod = <function visibility_of_element_located.<locals>._predicate at 0x000001B27D275620>\nmessage = ''\n\n    def until(self, method: Callable[[D], Union[Literal[False], T]], message: str = \"\") -> T:\n        \"\"\"Wait until the method returns a value that is not False.\n    \n        Calls the method provided with the driver as an argument until the\n        return value does not evaluate to ``False``.\n    \n        Parameters:\n        ----------\n        method: callable(WebDriver)\n            - A callable object that takes a WebDriver instance as an argument.\n    \n        message: str\n            - Optional message for :exc:`TimeoutException`\n    \n        Return:\n        -------\n        object: T\n            - The result of the last call to `method`\n    \n        Raises:\n        -------\n        TimeoutException\n            - If 'method' does not return a truthy value within the WebDriverWait\n            object's timeout\n    \n        Example:\n        --------\n        >>> from selenium.webdriver.common.by import By\n        >>> from selenium.webdriver.support.ui import WebDriverWait\n        >>> from selenium.webdriver.support import expected_conditions as EC\n    \n        # Wait until an element is visible on the page\n        >>> wait = WebDriverWait(driver, 10)\n        >>> element = wait.until(EC.visibility_of_element_located((By.ID, \"exampleId\")))\n        >>> print(element.text)\n        \"\"\"\n        screen = None\n        stacktrace = None\n    \n        end_time = time.monotonic() + self._timeout\n        while True:\n            try:\n                value = method(self._driver)\n                if value:\n                    return value\n            except self._ignored_exceptions as exc:\n                screen = getattr(exc, \"screen\", None)\n                stacktrace = getattr(exc, \"stacktrace\", None)\n            if time.monotonic() > end_time:\n                break\n            time.sleep(self._poll)\n>       raise TimeoutException(message, screen, stacktrace)\nE       selenium.common.exceptions.TimeoutException: Message: \nE       Stacktrace:\nE       \tGetHandleVerifier [0x00007FF6797102F5+28725]\nE       \t(No symbol) [0x00007FF679672AE0]\nE       \t(No symbol) [0x00007FF67950510A]\nE       \t(No symbol) [0x00007FF6795593D2]\nE       \t(No symbol) [0x00007FF6795595FC]\nE       \t(No symbol) [0x00007FF6795A3407]\nE       \t(No symbol) [0x00007FF67957FFEF]\nE       \t(No symbol) [0x00007FF6795A0181]\nE       \t(No symbol) [0x00007FF67957FD53]\nE       \t(No symbol) [0x00007FF67954A0E3]\nE       \t(No symbol) [0x00007FF67954B471]\nE       \tGetHandleVerifier [0x00007FF679A3F30D+3366989]\nE       \tGetHandleVerifier [0x00007FF679A512F0+3440688]\nE       \tGetHandleVerifier [0x00007FF679A478FD+3401277]\nE       \tGetHandleVerifier [0x00007FF6797DAAAB+858091]\nE       \t(No symbol) [0x00007FF67967E74F]\nE       \t(No symbol) [0x00007FF67967A304]\nE       \t(No symbol) [0x00007FF67967A49D]\nE       \t(No symbol) [0x00007FF679668B69]\nE       \tBaseThreadInitThunk [0x00007FF8C221259D+29]\nE       \tRtlUserThreadStart [0x00007FF8C356AF38+40]\n\n.venv\\Lib\\site-packages\\selenium\\webdriver\\support\\wait.py:146: TimeoutException"}, "description": "\nТест проверяет, что счетчик заказов на сегодня увеличивается после оформления нового заказа.\n", "steps": [{"name": "Кликнуть по кнопке конструктора", "status": "passed", "steps": [{"name": "Кликнуть на элемент", "status": "passed", "steps": [{"name": "Проверить ,что элемент кликабелен", "status": "passed", "parameters": [{"name": "locator", "value": "('xpath', '//p[contains(text(),\"Конструктор\")]')"}], "start": 1738625855608, "stop": 1738625855633}], "parameters": [{"name": "locator", "value": "('xpath', '//p[contains(text(),\"Конструктор\")]')"}], "start": 1738625855608, "stop": 1738625855908}], "start": 1738625855608, "stop": 1738625855908}, {"name": "Кликнуть по кнопке \"Войти в аккаунт\" на главной", "status": "passed", "steps": [{"name": "Кликнуть на элемент", "status": "passed", "steps": [{"name": "Проверить ,что элемент кликабелен", "status": "passed", "parameters": [{"name": "locator", "value": "('xpath', '//button[ text()=\"Войти в аккаунт\" ]')"}], "start": 1738625855908, "stop": 1738625855929}], "parameters": [{"name": "locator", "value": "('xpath', '//button[ text()=\"Войти в аккаунт\" ]')"}], "start": 1738625855908, "stop": 1738625856216}], "start": 1738625855908, "stop": 1738625856216}, {"name": "Ввести Email и пароль", "status": "passed", "steps": [{"name": "Ввести значение в поле ввода", "status": "passed", "parameters": [{"name": "locator", "value": "('xpath', '//input[@name=\"name\"]')"}, {"name": "keys", "value": "'dwheeler@example.com'"}], "start": 1738625856216, "stop": 1738625856311}, {"name": "Ввести значение в поле ввода", "status": "passed", "parameters": [{"name": "locator", "value": "('xpath', '//input[@name=\"Пароль\"]')"}, {"name": "keys", "value": "'k!)6YOyajg'"}], "start": 1738625856312, "stop": 1738625856373}], "parameters": [{"name": "email", "value": "'dwheeler@example.com'"}, {"name": "password", "value": "'k!)6YOyajg'"}], "start": 1738625856216, "stop": 1738625856374}, {"name": "Кликнуть по кнопке \"Войти\"", "status": "passed", "steps": [{"name": "Кликнуть на элемент", "status": "passed", "steps": [{"name": "Проверить ,что элемент кликабелен", "status": "passed", "parameters": [{"name": "locator", "value": "('xpath', '//button[ text()=\"Войти\" ]')"}], "start": 1738625856374, "stop": 1738625856397}], "parameters": [{"name": "locator", "value": "('xpath', '//button[ text()=\"Войти\" ]')"}], "start": 1738625856374, "stop": 1738625856687}], "start": 1738625856374, "stop": 1738625856687}, {"name": "Получить количество заказов за сегодня", "status": "passed", "steps": [{"name": "Подождать загрузку элемента", "status": "passed", "parameters": [{"name": "locator", "value": "('xpath', '//p[text()=\"Выполнено за сегодня:\"]/following-sibling::p')"}], "start": 1738625862139, "stop": 1738625863170}, {"name": "Получить текст из элемента", "status": "passed", "steps": [{"name": "Подождать загрузку элемента", "status": "passed", "parameters": [{"name": "locator", "value": "('xpath', '//p[text()=\"Выполнено за сегодня:\"]/following-sibling::p')"}], "start": 1738625863170, "stop": 1738625863179}], "parameters": [{"name": "locator", "value": "('xpath', '//p[text()=\"Выполнено за сегодня:\"]/following-sibling::p')"}], "start": 1738625863170, "stop": 1738625863189}], "start": 1738625862138, "stop": 1738625863189}, {"name": "Перетащить ингредиент в конструктор бургера в корзине", "status": "broken", "statusDetails": {"message": "selenium.common.exceptions.TimeoutException: Message: \nStacktrace:\n\tGetHandleVerifier [0x00007FF6797102F5+28725]\n\t(No symbol) [0x00007FF679672AE0]\n\t(No symbol) [0x00007FF67950510A]\n\t(No symbol) [0x00007FF6795593D2]\n\t(No symbol) [0x00007FF6795595FC]\n\t(No symbol) [0x00007FF6795A3407]\n\t(No symbol) [0x00007FF67957FFEF]\n\t(No symbol) [0x00007FF6795A0181]\n\t(No symbol) [0x00007FF67957FD53]\n\t(No symbol) [0x00007FF67954A0E3]\n\t(No symbol) [0x00007FF67954B471]\n\tGetHandleVerifier [0x00007FF679A3F30D+3366989]\n\tGetHandleVerifier [0x00007FF679A512F0+3440688]\n\tGetHandleVerifier [0x00007FF679A478FD+3401277]\n\tGetHandleVerifier [0x00007FF6797DAAAB+858091]\n\t(No symbol) [0x00007FF67967E74F]\n\t(No symbol) [0x00007FF67967A304]\n\t(No symbol) [0x00007FF67967A49D]\n\t(No symbol) [0x00007FF679668B69]\n\tBaseThreadInitThunk [0x00007FF8C221259D+29]\n\tRtlUserThreadStart [0x00007FF8C356AF38+40]\n\n", "trace": "  File \"C:\\Users\\ateml\\PycharmProjects\\Diplom\\Diplom_3\\.venv\\Lib\\site-packages\\allure_commons\\_allure.py\", line 192, in impl\n    return func(*a, **kw)\n  File \"C:\\Users\\ateml\\PycharmProjects\\Diplom\\Diplom_3\\pages\\home_page.py\", line 60, in drag_and_drop_ingredient_to_basket\n    from_element = self.find_element_with_wait(HomePageLocators.INGREDIENT_FROM_CONSTRUCTOR)\n  File \"C:\\Users\\ateml\\PycharmProjects\\Diplom\\Diplom_3\\.venv\\Lib\\site-packages\\allure_commons\\_allure.py\", line 192, in impl\n    return func(*a, **kw)\n  File \"C:\\Users\\ateml\\PycharmProjects\\Diplom\\Diplom_3\\pages\\base_page.py\", line 14, in find_element_with_wait\n    until(expected_conditions.visibility_of_element_located(locator)))\n    ~~~~~^^^^^^^^^^^^^^^^^^^^^^^^^^^^^^^^^^^^^^^^^^^^^^^^^^^^^^^^^^^^\n  File \"C:\\Users\\ateml\\PycharmProjects\\Diplom\\Diplom_3\\.venv\\Lib\\site-packages\\selenium\\webdriver\\support\\wait.py\", line 146, in until\n    raise TimeoutException(message, screen, stacktrace)\n"}, "steps": [{"name": "Подождать загрузку элемента", "status": "broken", "statusDetails": {"message": "selenium.common.exceptions.TimeoutException: Message: \nStacktrace:\n\tGetHandleVerifier [0x00007FF6797102F5+28725]\n\t(No symbol) [0x00007FF679672AE0]\n\t(No symbol) [0x00007FF67950510A]\n\t(No symbol) [0x00007FF6795593D2]\n\t(No symbol) [0x00007FF6795595FC]\n\t(No symbol) [0x00007FF6795A3407]\n\t(No symbol) [0x00007FF67957FFEF]\n\t(No symbol) [0x00007FF6795A0181]\n\t(No symbol) [0x00007FF67957FD53]\n\t(No symbol) [0x00007FF67954A0E3]\n\t(No symbol) [0x00007FF67954B471]\n\tGetHandleVerifier [0x00007FF679A3F30D+3366989]\n\tGetHandleVerifier [0x00007FF679A512F0+3440688]\n\tGetHandleVerifier [0x00007FF679A478FD+3401277]\n\tGetHandleVerifier [0x00007FF6797DAAAB+858091]\n\t(No symbol) [0x00007FF67967E74F]\n\t(No symbol) [0x00007FF67967A304]\n\t(No symbol) [0x00007FF67967A49D]\n\t(No symbol) [0x00007FF679668B69]\n\tBaseThreadInitThunk [0x00007FF8C221259D+29]\n\tRtlUserThreadStart [0x00007FF8C356AF38+40]\n\n", "trace": "  File \"C:\\Users\\ateml\\PycharmProjects\\Diplom\\Diplom_3\\.venv\\Lib\\site-packages\\allure_commons\\_allure.py\", line 192, in impl\n    return func(*a, **kw)\n  File \"C:\\Users\\ateml\\PycharmProjects\\Diplom\\Diplom_3\\pages\\base_page.py\", line 14, in find_element_with_wait\n    until(expected_conditions.visibility_of_element_located(locator)))\n    ~~~~~^^^^^^^^^^^^^^^^^^^^^^^^^^^^^^^^^^^^^^^^^^^^^^^^^^^^^^^^^^^^\n  File \"C:\\Users\\ateml\\PycharmProjects\\Diplom\\Diplom_3\\.venv\\Lib\\site-packages\\selenium\\webdriver\\support\\wait.py\", line 146, in until\n    raise TimeoutException(message, screen, stacktrace)\n"}, "parameters": [{"name": "locator", "value": "('xpath', '//img[@alt=\"Флюоресцентная булка R2-D3\"]')"}], "start": 1738625863189, "stop": 1738625873351}], "start": 1738625863189, "stop": 1738625873352}], "parameters": [{"name": "driver", "value": "'chrome'"}], "start": 1738625855608, "stop": 1738625873353, "uuid": "0d3527e3-c900-417d-a498-c97a571d74e4", "historyId": "00a46160a87a0c7b4b96a0f1f893af79", "testCaseId": "5d72af408f6cc54f5aa65b82837ca810", "fullName": "tests.test_order_feed_page.TestOrderFeedPage#test_inc_counter_of_today_orders", "labels": [{"name": "parentSuite", "value": "tests"}, {"name": "suite", "value": "test_order_feed_page"}, {"name": "subSuite", "value": "TestOrderFeedPage"}, {"name": "host", "value": "Block"}, {"name": "thread", "value": "18552-MainThread"}, {"name": "framework", "value": "pytest"}, {"name": "language", "value": "cpython3"}, {"name": "package", "value": "tests.test_order_feed_page"}]}