{"name": "Проверка переход в раздел «История заказов»", "status": "broken", "statusDetails": {"message": "selenium.common.exceptions.TimeoutException: Message: \nStacktrace:\n\tGetHandleVerifier [0x00007FF6797102F5+28725]\n\t(No symbol) [0x00007FF679672AE0]\n\t(No symbol) [0x00007FF67950510A]\n\t(No symbol) [0x00007FF6795593D2]\n\t(No symbol) [0x00007FF6795595FC]\n\t(No symbol) [0x00007FF6795A3407]\n\t(No symbol) [0x00007FF67957FFEF]\n\t(No symbol) [0x00007FF6795A0181]\n\t(No symbol) [0x00007FF67957FD53]\n\t(No symbol) [0x00007FF67954A0E3]\n\t(No symbol) [0x00007FF67954B471]\n\tGetHandleVerifier [0x00007FF679A3F30D+3366989]\n\tGetHandleVerifier [0x00007FF679A512F0+3440688]\n\tGetHandleVerifier [0x00007FF679A478FD+3401277]\n\tGetHandleVerifier [0x00007FF6797DAAAB+858091]\n\t(No symbol) [0x00007FF67967E74F]\n\t(No symbol) [0x00007FF67967A304]\n\t(No symbol) [0x00007FF67967A49D]\n\t(No symbol) [0x00007FF679668B69]\n\tBaseThreadInitThunk [0x00007FF8C221259D+29]\n\tRtlUserThreadStart [0x00007FF8C356AF38+40]", "trace": "self = <tests.test_account_page.TestAccountPage object at 0x000001B27D0F2B10>\ndriver = <selenium.webdriver.chrome.webdriver.WebDriver (session=\"609f6705a7b95d76b5a765bfd6cac71b\")>\ncreate_and_delete_user = ('gwood@example.com', '!!8LLvMV@o')\n\n    @allure.title(\"Проверка переход в раздел «История заказов»\")\n    def test_go_to_history_orders(self, driver, create_and_delete_user):\n        email, password = create_and_delete_user\n        account_page = AccountPage(driver)\n        home_page = HomePage(driver)\n        home_page.click_button_log_in_account()\n        account_page.send_email_password(email, password)\n        account_page.click_login_button()\n        home_page.wait_visible_checkout_button()\n        home_page.click_personal_account_link()\n        account_page.click_feed_button()\n>       account_page.wait_visible_history_feed()\n\ntests\\test_account_page.py:45: \n_ _ _ _ _ _ _ _ _ _ _ _ _ _ _ _ _ _ _ _ _ _ _ _ _ _ _ _ _ _\npages\\account_page.py:44: in wait_visible_history_feed\n    self.find_element_with_wait(AccountPageLocators.HISTORY_FEED_TODAY)\npages\\base_page.py:14: in find_element_with_wait\n    until(expected_conditions.visibility_of_element_located(locator)))\n_ _ _ _ _ _ _ _ _ _ _ _ _ _ _ _ _ _ _ _ _ _ _ _ _ _ _ _ _ _\n\nself = <selenium.webdriver.support.wait.WebDriverWait (session=\"609f6705a7b95d76b5a765bfd6cac71b\")>\nmethod = <function visibility_of_element_located.<locals>._predicate at 0x000001B27D19F560>\nmessage = ''\n\n    def until(self, method: Callable[[D], Union[Literal[False], T]], message: str = \"\") -> T:\n        \"\"\"Wait until the method returns a value that is not False.\n    \n        Calls the method provided with the driver as an argument until the\n        return value does not evaluate to ``False``.\n    \n        Parameters:\n        ----------\n        method: callable(WebDriver)\n            - A callable object that takes a WebDriver instance as an argument.\n    \n        message: str\n            - Optional message for :exc:`TimeoutException`\n    \n        Return:\n        -------\n        object: T\n            - The result of the last call to `method`\n    \n        Raises:\n        -------\n        TimeoutException\n            - If 'method' does not return a truthy value within the WebDriverWait\n            object's timeout\n    \n        Example:\n        --------\n        >>> from selenium.webdriver.common.by import By\n        >>> from selenium.webdriver.support.ui import WebDriverWait\n        >>> from selenium.webdriver.support import expected_conditions as EC\n    \n        # Wait until an element is visible on the page\n        >>> wait = WebDriverWait(driver, 10)\n        >>> element = wait.until(EC.visibility_of_element_located((By.ID, \"exampleId\")))\n        >>> print(element.text)\n        \"\"\"\n        screen = None\n        stacktrace = None\n    \n        end_time = time.monotonic() + self._timeout\n        while True:\n            try:\n                value = method(self._driver)\n                if value:\n                    return value\n            except self._ignored_exceptions as exc:\n                screen = getattr(exc, \"screen\", None)\n                stacktrace = getattr(exc, \"stacktrace\", None)\n            if time.monotonic() > end_time:\n                break\n            time.sleep(self._poll)\n>       raise TimeoutException(message, screen, stacktrace)\nE       selenium.common.exceptions.TimeoutException: Message: \nE       Stacktrace:\nE       \tGetHandleVerifier [0x00007FF6797102F5+28725]\nE       \t(No symbol) [0x00007FF679672AE0]\nE       \t(No symbol) [0x00007FF67950510A]\nE       \t(No symbol) [0x00007FF6795593D2]\nE       \t(No symbol) [0x00007FF6795595FC]\nE       \t(No symbol) [0x00007FF6795A3407]\nE       \t(No symbol) [0x00007FF67957FFEF]\nE       \t(No symbol) [0x00007FF6795A0181]\nE       \t(No symbol) [0x00007FF67957FD53]\nE       \t(No symbol) [0x00007FF67954A0E3]\nE       \t(No symbol) [0x00007FF67954B471]\nE       \tGetHandleVerifier [0x00007FF679A3F30D+3366989]\nE       \tGetHandleVerifier [0x00007FF679A512F0+3440688]\nE       \tGetHandleVerifier [0x00007FF679A478FD+3401277]\nE       \tGetHandleVerifier [0x00007FF6797DAAAB+858091]\nE       \t(No symbol) [0x00007FF67967E74F]\nE       \t(No symbol) [0x00007FF67967A304]\nE       \t(No symbol) [0x00007FF67967A49D]\nE       \t(No symbol) [0x00007FF679668B69]\nE       \tBaseThreadInitThunk [0x00007FF8C221259D+29]\nE       \tRtlUserThreadStart [0x00007FF8C356AF38+40]\n\n.venv\\Lib\\site-packages\\selenium\\webdriver\\support\\wait.py:146: TimeoutException"}, "steps": [{"name": "Кликнуть по кнопке \"Войти в аккаунт\" на главной", "status": "passed", "steps": [{"name": "Кликнуть на элемент", "status": "passed", "steps": [{"name": "Проверить ,что элемент кликабелен", "status": "passed", "parameters": [{"name": "locator", "value": "('xpath', '//button[ text()=\"Войти в аккаунт\" ]')"}], "start": 1738625508557, "stop": 1738625508585}], "parameters": [{"name": "locator", "value": "('xpath', '//button[ text()=\"Войти в аккаунт\" ]')"}], "start": 1738625508557, "stop": 1738625508867}], "start": 1738625508557, "stop": 1738625508867}, {"name": "Ввести Email и пароль", "status": "passed", "steps": [{"name": "Ввести значение в поле ввода", "status": "passed", "parameters": [{"name": "locator", "value": "('xpath', '//input[@name=\"name\"]')"}, {"name": "keys", "value": "'gwood@example.com'"}], "start": 1738625508867, "stop": 1738625508957}, {"name": "Ввести значение в поле ввода", "status": "passed", "parameters": [{"name": "locator", "value": "('xpath', '//input[@name=\"Пароль\"]')"}, {"name": "keys", "value": "'!!8LLvMV@o'"}], "start": 1738625508958, "stop": 1738625509020}], "parameters": [{"name": "email", "value": "'gwood@example.com'"}, {"name": "password", "value": "'!!8LLvMV@o'"}], "start": 1738625508867, "stop": 1738625509020}, {"name": "Кликнуть по кнопке \"Войти\"", "status": "passed", "steps": [{"name": "Кликнуть на элемент", "status": "passed", "steps": [{"name": "Проверить ,что элемент кликабелен", "status": "passed", "parameters": [{"name": "locator", "value": "('xpath', '//button[ text()=\"Войти\" ]')"}], "start": 1738625509020, "stop": 1738625509044}], "parameters": [{"name": "locator", "value": "('xpath', '//button[ text()=\"Войти\" ]')"}], "start": 1738625509020, "stop": 1738625509332}], "start": 1738625509020, "stop": 1738625509332}, {"name": "Проверка видимости кнопки Оформить заказ", "status": "passed", "steps": [{"name": "Подождать загрузку элемента", "status": "passed", "parameters": [{"name": "locator", "value": "('xpath', '//button[ text()=\"Оформить заказ\" ]')"}], "start": 1738625509332, "stop": 1738625509854}], "start": 1738625509332, "stop": 1738625509854}, {"name": "Кликнуть по кнопке \"Личный кабинет\" на главной", "status": "passed", "steps": [{"name": "Кликнуть на элемент", "status": "passed", "steps": [{"name": "Проверить ,что элемент кликабелен", "status": "passed", "parameters": [{"name": "locator", "value": "('xpath', '//p[contains(text(),\"Личный Кабинет\")]')"}], "start": 1738625509855, "stop": 1738625509873}], "parameters": [{"name": "locator", "value": "('xpath', '//p[contains(text(),\"Личный Кабинет\")]')"}], "start": 1738625509855, "stop": 1738625510164}], "start": 1738625509854, "stop": 1738625510164}, {"name": "Кликнуть по кнопке \"История заказов\"", "status": "passed", "steps": [{"name": "Подождать загрузку элемента", "status": "passed", "parameters": [{"name": "locator", "value": "('xpath', '//p[contains(text(),\"Лента Заказов\")]')"}], "start": 1738625510164, "stop": 1738625510180}, {"name": "Кликнуть на элемент", "status": "passed", "steps": [{"name": "Проверить ,что элемент кликабелен", "status": "passed", "parameters": [{"name": "locator", "value": "('xpath', '//p[contains(text(),\"Лента Заказов\")]')"}], "start": 1738625510180, "stop": 1738625510196}], "parameters": [{"name": "locator", "value": "('xpath', '//p[contains(text(),\"Лента Заказов\")]')"}], "start": 1738625510180, "stop": 1738625510469}], "start": 1738625510164, "stop": 1738625510469}, {"name": "Ожидание отображения заказов", "status": "broken", "statusDetails": {"message": "selenium.common.exceptions.TimeoutException: Message: \nStacktrace:\n\tGetHandleVerifier [0x00007FF6797102F5+28725]\n\t(No symbol) [0x00007FF679672AE0]\n\t(No symbol) [0x00007FF67950510A]\n\t(No symbol) [0x00007FF6795593D2]\n\t(No symbol) [0x00007FF6795595FC]\n\t(No symbol) [0x00007FF6795A3407]\n\t(No symbol) [0x00007FF67957FFEF]\n\t(No symbol) [0x00007FF6795A0181]\n\t(No symbol) [0x00007FF67957FD53]\n\t(No symbol) [0x00007FF67954A0E3]\n\t(No symbol) [0x00007FF67954B471]\n\tGetHandleVerifier [0x00007FF679A3F30D+3366989]\n\tGetHandleVerifier [0x00007FF679A512F0+3440688]\n\tGetHandleVerifier [0x00007FF679A478FD+3401277]\n\tGetHandleVerifier [0x00007FF6797DAAAB+858091]\n\t(No symbol) [0x00007FF67967E74F]\n\t(No symbol) [0x00007FF67967A304]\n\t(No symbol) [0x00007FF67967A49D]\n\t(No symbol) [0x00007FF679668B69]\n\tBaseThreadInitThunk [0x00007FF8C221259D+29]\n\tRtlUserThreadStart [0x00007FF8C356AF38+40]\n\n", "trace": "  File \"C:\\Users\\ateml\\PycharmProjects\\Diplom\\Diplom_3\\.venv\\Lib\\site-packages\\allure_commons\\_allure.py\", line 192, in impl\n    return func(*a, **kw)\n  File \"C:\\Users\\ateml\\PycharmProjects\\Diplom\\Diplom_3\\pages\\account_page.py\", line 44, in wait_visible_history_feed\n    self.find_element_with_wait(AccountPageLocators.HISTORY_FEED_TODAY)\n    ~~~~~~~~~~~~~~~~~~~~~~~~~~~^^^^^^^^^^^^^^^^^^^^^^^^^^^^^^^^^^^^^^^^\n  File \"C:\\Users\\ateml\\PycharmProjects\\Diplom\\Diplom_3\\.venv\\Lib\\site-packages\\allure_commons\\_allure.py\", line 192, in impl\n    return func(*a, **kw)\n  File \"C:\\Users\\ateml\\PycharmProjects\\Diplom\\Diplom_3\\pages\\base_page.py\", line 14, in find_element_with_wait\n    until(expected_conditions.visibility_of_element_located(locator)))\n    ~~~~~^^^^^^^^^^^^^^^^^^^^^^^^^^^^^^^^^^^^^^^^^^^^^^^^^^^^^^^^^^^^\n  File \"C:\\Users\\ateml\\PycharmProjects\\Diplom\\Diplom_3\\.venv\\Lib\\site-packages\\selenium\\webdriver\\support\\wait.py\", line 146, in until\n    raise TimeoutException(message, screen, stacktrace)\n"}, "steps": [{"name": "Подождать загрузку элемента", "status": "broken", "statusDetails": {"message": "selenium.common.exceptions.TimeoutException: Message: \nStacktrace:\n\tGetHandleVerifier [0x00007FF6797102F5+28725]\n\t(No symbol) [0x00007FF679672AE0]\n\t(No symbol) [0x00007FF67950510A]\n\t(No symbol) [0x00007FF6795593D2]\n\t(No symbol) [0x00007FF6795595FC]\n\t(No symbol) [0x00007FF6795A3407]\n\t(No symbol) [0x00007FF67957FFEF]\n\t(No symbol) [0x00007FF6795A0181]\n\t(No symbol) [0x00007FF67957FD53]\n\t(No symbol) [0x00007FF67954A0E3]\n\t(No symbol) [0x00007FF67954B471]\n\tGetHandleVerifier [0x00007FF679A3F30D+3366989]\n\tGetHandleVerifier [0x00007FF679A512F0+3440688]\n\tGetHandleVerifier [0x00007FF679A478FD+3401277]\n\tGetHandleVerifier [0x00007FF6797DAAAB+858091]\n\t(No symbol) [0x00007FF67967E74F]\n\t(No symbol) [0x00007FF67967A304]\n\t(No symbol) [0x00007FF67967A49D]\n\t(No symbol) [0x00007FF679668B69]\n\tBaseThreadInitThunk [0x00007FF8C221259D+29]\n\tRtlUserThreadStart [0x00007FF8C356AF38+40]\n\n", "trace": "  File \"C:\\Users\\ateml\\PycharmProjects\\Diplom\\Diplom_3\\.venv\\Lib\\site-packages\\allure_commons\\_allure.py\", line 192, in impl\n    return func(*a, **kw)\n  File \"C:\\Users\\ateml\\PycharmProjects\\Diplom\\Diplom_3\\pages\\base_page.py\", line 14, in find_element_with_wait\n    until(expected_conditions.visibility_of_element_located(locator)))\n    ~~~~~^^^^^^^^^^^^^^^^^^^^^^^^^^^^^^^^^^^^^^^^^^^^^^^^^^^^^^^^^^^^\n  File \"C:\\Users\\ateml\\PycharmProjects\\Diplom\\Diplom_3\\.venv\\Lib\\site-packages\\selenium\\webdriver\\support\\wait.py\", line 146, in until\n    raise TimeoutException(message, screen, stacktrace)\n"}, "parameters": [{"name": "locator", "value": "('xpath', '// p[contains(text(), \"Выполнено за сегодня:\")]')"}], "start": 1738625510469, "stop": 1738625520632}], "start": 1738625510469, "stop": 1738625520633}], "parameters": [{"name": "driver", "value": "'chrome'"}], "start": 1738625508557, "stop": 1738625520633, "uuid": "cef37a46-a54e-4e78-bfa2-1867938eeeee", "historyId": "a0af4e4df2ea98cf9efc4b3afb40a4af", "testCaseId": "4e50c379b7d7f396708e71f1c590e4fe", "fullName": "tests.test_account_page.TestAccountPage#test_go_to_history_orders", "labels": [{"name": "parentSuite", "value": "tests"}, {"name": "suite", "value": "test_account_page"}, {"name": "subSuite", "value": "TestAccountPage"}, {"name": "host", "value": "Block"}, {"name": "thread", "value": "18552-MainThread"}, {"name": "framework", "value": "pytest"}, {"name": "language", "value": "cpython3"}, {"name": "package", "value": "tests.test_account_page"}]}