{"name": "Проверка при создании нового заказа счётчик Выполнено за \"сегодня\" увеличивается", "status": "broken", "statusDetails": {"message": "selenium.common.exceptions.TimeoutException: Message: \nStacktrace:\nRemoteError@chrome://remote/content/shared/RemoteError.sys.mjs:8:8\nWebDriverError@chrome://remote/content/shared/webdriver/Errors.sys.mjs:193:5\nNoSuchElementError@chrome://remote/content/shared/webdriver/Errors.sys.mjs:511:5\ndom.find/</<@chrome://remote/content/shared/DOM.sys.mjs:136:16", "trace": "self = <tests.test_order_feed_page.TestOrderFeedPage object at 0x000001B27D06BE50>\ndriver = <selenium.webdriver.firefox.webdriver.WebDriver (session=\"a5096e55-fb05-42eb-b0ba-307aac81645b\")>\ncreate_and_delete_user = ('jay99@example.org', '1+MUr04n$2')\n\n    @allure.title('Проверка при создании нового заказа счётчик Выполнено за \"сегодня\" увеличивается')\n    def test_inc_counter_of_today_orders(self, driver, create_and_delete_user):\n        \"\"\"\n        Тест проверяет, что счетчик заказов на сегодня увеличивается после оформления нового заказа.\n        \"\"\"\n        # Данные пользователя (email, пароль)\n        email, password = create_and_delete_user\n    \n        # Инициализация страниц\n        account_page = AccountPage(driver)\n        feed_page = OrderFeedPage(driver)\n        home_page = HomePage(driver)\n    \n    \n    \n        # Шаг 1: Авторизоваться в аккаунте\n        home_page.click_constructor_button()\n        home_page.click_button_log_in_account()\n        account_page.send_email_password(email, password)\n        account_page.click_login_button()\n        time.sleep(5)\n        # Шаг 2: Перейти на страницу ленты заказов и получить начальное количество заказов\n        driver.get(f'{URLs.BASE_URL}{URLs.FEED_PAGE_URL}')\n        orders_cnt_1 = feed_page.get_cnt_orders_today()\n    \n    \n    \n        # Шаг 3: Добавить ингредиент в корзину и оформить заказ\n>       home_page.drag_and_drop_ingredient_to_basket()\n\ntests\\test_order_feed_page.py:85: \n_ _ _ _ _ _ _ _ _ _ _ _ _ _ _ _ _ _ _ _ _ _ _ _ _ _ _ _ _ _\npages\\home_page.py:60: in drag_and_drop_ingredient_to_basket\n    from_element = self.find_element_with_wait(HomePageLocators.INGREDIENT_FROM_CONSTRUCTOR)\npages\\base_page.py:14: in find_element_with_wait\n    until(expected_conditions.visibility_of_element_located(locator)))\n_ _ _ _ _ _ _ _ _ _ _ _ _ _ _ _ _ _ _ _ _ _ _ _ _ _ _ _ _ _\n\nself = <selenium.webdriver.support.wait.WebDriverWait (session=\"a5096e55-fb05-42eb-b0ba-307aac81645b\")>\nmethod = <function visibility_of_element_located.<locals>._predicate at 0x000001B27D276340>\nmessage = ''\n\n    def until(self, method: Callable[[D], Union[Literal[False], T]], message: str = \"\") -> T:\n        \"\"\"Wait until the method returns a value that is not False.\n    \n        Calls the method provided with the driver as an argument until the\n        return value does not evaluate to ``False``.\n    \n        Parameters:\n        ----------\n        method: callable(WebDriver)\n            - A callable object that takes a WebDriver instance as an argument.\n    \n        message: str\n            - Optional message for :exc:`TimeoutException`\n    \n        Return:\n        -------\n        object: T\n            - The result of the last call to `method`\n    \n        Raises:\n        -------\n        TimeoutException\n            - If 'method' does not return a truthy value within the WebDriverWait\n            object's timeout\n    \n        Example:\n        --------\n        >>> from selenium.webdriver.common.by import By\n        >>> from selenium.webdriver.support.ui import WebDriverWait\n        >>> from selenium.webdriver.support import expected_conditions as EC\n    \n        # Wait until an element is visible on the page\n        >>> wait = WebDriverWait(driver, 10)\n        >>> element = wait.until(EC.visibility_of_element_located((By.ID, \"exampleId\")))\n        >>> print(element.text)\n        \"\"\"\n        screen = None\n        stacktrace = None\n    \n        end_time = time.monotonic() + self._timeout\n        while True:\n            try:\n                value = method(self._driver)\n                if value:\n                    return value\n            except self._ignored_exceptions as exc:\n                screen = getattr(exc, \"screen\", None)\n                stacktrace = getattr(exc, \"stacktrace\", None)\n            if time.monotonic() > end_time:\n                break\n            time.sleep(self._poll)\n>       raise TimeoutException(message, screen, stacktrace)\nE       selenium.common.exceptions.TimeoutException: Message: \nE       Stacktrace:\nE       RemoteError@chrome://remote/content/shared/RemoteError.sys.mjs:8:8\nE       WebDriverError@chrome://remote/content/shared/webdriver/Errors.sys.mjs:193:5\nE       NoSuchElementError@chrome://remote/content/shared/webdriver/Errors.sys.mjs:511:5\nE       dom.find/</<@chrome://remote/content/shared/DOM.sys.mjs:136:16\n\n.venv\\Lib\\site-packages\\selenium\\webdriver\\support\\wait.py:146: TimeoutException"}, "description": "\nТест проверяет, что счетчик заказов на сегодня увеличивается после оформления нового заказа.\n", "steps": [{"name": "Кликнуть по кнопке конструктора", "status": "passed", "steps": [{"name": "Кликнуть на элемент", "status": "passed", "steps": [{"name": "Проверить ,что элемент кликабелен", "status": "passed", "parameters": [{"name": "locator", "value": "('xpath', '//p[contains(text(),\"Конструктор\")]')"}], "start": 1738625885809, "stop": 1738625885828}], "parameters": [{"name": "locator", "value": "('xpath', '//p[contains(text(),\"Конструктор\")]')"}], "start": 1738625885809, "stop": 1738625886121}], "start": 1738625885809, "stop": 1738625886121}, {"name": "Кликнуть по кнопке \"Войти в аккаунт\" на главной", "status": "passed", "steps": [{"name": "Кликнуть на элемент", "status": "passed", "steps": [{"name": "Проверить ,что элемент кликабелен", "status": "passed", "parameters": [{"name": "locator", "value": "('xpath', '//button[ text()=\"Войти в аккаунт\" ]')"}], "start": 1738625886121, "stop": 1738625886130}], "parameters": [{"name": "locator", "value": "('xpath', '//button[ text()=\"Войти в аккаунт\" ]')"}], "start": 1738625886121, "stop": 1738625886421}], "start": 1738625886121, "stop": 1738625886421}, {"name": "Ввести Email и пароль", "status": "passed", "steps": [{"name": "Ввести значение в поле ввода", "status": "passed", "parameters": [{"name": "locator", "value": "('xpath', '//input[@name=\"name\"]')"}, {"name": "keys", "value": "'jay99@example.org'"}], "start": 1738625886421, "stop": 1738625886463}, {"name": "Ввести значение в поле ввода", "status": "passed", "parameters": [{"name": "locator", "value": "('xpath', '//input[@name=\"Пароль\"]')"}, {"name": "keys", "value": "'1+MUr04n$2'"}], "start": 1738625886464, "stop": 1738625886478}], "parameters": [{"name": "email", "value": "'jay99@example.org'"}, {"name": "password", "value": "'1+MUr04n$2'"}], "start": 1738625886421, "stop": 1738625886478}, {"name": "Кликнуть по кнопке \"Войти\"", "status": "passed", "steps": [{"name": "Кликнуть на элемент", "status": "passed", "steps": [{"name": "Проверить ,что элемент кликабелен", "status": "passed", "parameters": [{"name": "locator", "value": "('xpath', '//button[ text()=\"Войти\" ]')"}], "start": 1738625886478, "stop": 1738625886487}], "parameters": [{"name": "locator", "value": "('xpath', '//button[ text()=\"Войти\" ]')"}], "start": 1738625886478, "stop": 1738625886766}], "start": 1738625886478, "stop": 1738625886766}, {"name": "Получить количество заказов за сегодня", "status": "passed", "steps": [{"name": "Подождать загрузку элемента", "status": "passed", "parameters": [{"name": "locator", "value": "('xpath', '//p[text()=\"Выполнено за сегодня:\"]/following-sibling::p')"}], "start": 1738625892244, "stop": 1738625893258}, {"name": "Получить текст из элемента", "status": "passed", "steps": [{"name": "Подождать загрузку элемента", "status": "passed", "parameters": [{"name": "locator", "value": "('xpath', '//p[text()=\"Выполнено за сегодня:\"]/following-sibling::p')"}], "start": 1738625893259, "stop": 1738625893267}], "parameters": [{"name": "locator", "value": "('xpath', '//p[text()=\"Выполнено за сегодня:\"]/following-sibling::p')"}], "start": 1738625893259, "stop": 1738625893272}], "start": 1738625892244, "stop": 1738625893272}, {"name": "Перетащить ингредиент в конструктор бургера в корзине", "status": "broken", "statusDetails": {"message": "selenium.common.exceptions.TimeoutException: Message: \nStacktrace:\nRemoteError@chrome://remote/content/shared/RemoteError.sys.mjs:8:8\nWebDriverError@chrome://remote/content/shared/webdriver/Errors.sys.mjs:193:5\nNoSuchElementError@chrome://remote/content/shared/webdriver/Errors.sys.mjs:511:5\ndom.find/</<@chrome://remote/content/shared/DOM.sys.mjs:136:16\n\n", "trace": "  File \"C:\\Users\\ateml\\PycharmProjects\\Diplom\\Diplom_3\\.venv\\Lib\\site-packages\\allure_commons\\_allure.py\", line 192, in impl\n    return func(*a, **kw)\n  File \"C:\\Users\\ateml\\PycharmProjects\\Diplom\\Diplom_3\\pages\\home_page.py\", line 60, in drag_and_drop_ingredient_to_basket\n    from_element = self.find_element_with_wait(HomePageLocators.INGREDIENT_FROM_CONSTRUCTOR)\n  File \"C:\\Users\\ateml\\PycharmProjects\\Diplom\\Diplom_3\\.venv\\Lib\\site-packages\\allure_commons\\_allure.py\", line 192, in impl\n    return func(*a, **kw)\n  File \"C:\\Users\\ateml\\PycharmProjects\\Diplom\\Diplom_3\\pages\\base_page.py\", line 14, in find_element_with_wait\n    until(expected_conditions.visibility_of_element_located(locator)))\n    ~~~~~^^^^^^^^^^^^^^^^^^^^^^^^^^^^^^^^^^^^^^^^^^^^^^^^^^^^^^^^^^^^\n  File \"C:\\Users\\ateml\\PycharmProjects\\Diplom\\Diplom_3\\.venv\\Lib\\site-packages\\selenium\\webdriver\\support\\wait.py\", line 146, in until\n    raise TimeoutException(message, screen, stacktrace)\n"}, "steps": [{"name": "Подождать загрузку элемента", "status": "broken", "statusDetails": {"message": "selenium.common.exceptions.TimeoutException: Message: \nStacktrace:\nRemoteError@chrome://remote/content/shared/RemoteError.sys.mjs:8:8\nWebDriverError@chrome://remote/content/shared/webdriver/Errors.sys.mjs:193:5\nNoSuchElementError@chrome://remote/content/shared/webdriver/Errors.sys.mjs:511:5\ndom.find/</<@chrome://remote/content/shared/DOM.sys.mjs:136:16\n\n", "trace": "  File \"C:\\Users\\ateml\\PycharmProjects\\Diplom\\Diplom_3\\.venv\\Lib\\site-packages\\allure_commons\\_allure.py\", line 192, in impl\n    return func(*a, **kw)\n  File \"C:\\Users\\ateml\\PycharmProjects\\Diplom\\Diplom_3\\pages\\base_page.py\", line 14, in find_element_with_wait\n    until(expected_conditions.visibility_of_element_located(locator)))\n    ~~~~~^^^^^^^^^^^^^^^^^^^^^^^^^^^^^^^^^^^^^^^^^^^^^^^^^^^^^^^^^^^^\n  File \"C:\\Users\\ateml\\PycharmProjects\\Diplom\\Diplom_3\\.venv\\Lib\\site-packages\\selenium\\webdriver\\support\\wait.py\", line 146, in until\n    raise TimeoutException(message, screen, stacktrace)\n"}, "parameters": [{"name": "locator", "value": "('xpath', '//img[@alt=\"Флюоресцентная булка R2-D3\"]')"}], "start": 1738625893272, "stop": 1738625903332}], "start": 1738625893272, "stop": 1738625903333}], "parameters": [{"name": "driver", "value": "'firefox'"}], "start": 1738625885809, "stop": 1738625903333, "uuid": "e25cf7eb-3976-40df-9c60-c1cbd432ecbd", "historyId": "93061d691026e1796ebe4c15ff516383", "testCaseId": "5d72af408f6cc54f5aa65b82837ca810", "fullName": "tests.test_order_feed_page.TestOrderFeedPage#test_inc_counter_of_today_orders", "labels": [{"name": "parentSuite", "value": "tests"}, {"name": "suite", "value": "test_order_feed_page"}, {"name": "subSuite", "value": "TestOrderFeedPage"}, {"name": "host", "value": "Block"}, {"name": "thread", "value": "18552-MainThread"}, {"name": "framework", "value": "pytest"}, {"name": "language", "value": "cpython3"}, {"name": "package", "value": "tests.test_order_feed_page"}]}