{"name": "Проверка появления нового заказа в разделе \"В работе\"", "status": "broken", "statusDetails": {"message": "selenium.common.exceptions.TimeoutException: Message: \nStacktrace:\nRemoteError@chrome://remote/content/shared/RemoteError.sys.mjs:8:8\nWebDriverError@chrome://remote/content/shared/webdriver/Errors.sys.mjs:193:5\nNoSuchElementError@chrome://remote/content/shared/webdriver/Errors.sys.mjs:511:5\ndom.find/</<@chrome://remote/content/shared/DOM.sys.mjs:136:16", "trace": "self = <tests.test_order_feed_page.TestOrderFeedPage object at 0x000001B27D150410>\ndriver = <selenium.webdriver.firefox.webdriver.WebDriver (session=\"4e95b044-41c5-4bc3-aa1b-da2bf2c63df6\")>\ncreate_and_delete_user = ('olsonlogan@example.com', '#UUU5g3v*7')\n\n    @allure.title('Проверка появления нового заказа в разделе \"В работе\"')\n    def test_check_displaying_new_order_in_work(self, driver, create_and_delete_user):\n        email, password = create_and_delete_user\n        account_page = AccountPage(driver)\n        feed_page = OrderFeedPage(driver)\n        home_page = HomePage(driver)\n        home_page.click_button_log_in_account()\n        account_page.send_email_password(email, password)\n        account_page.click_login_button()\n        home_page.wait_visible_checkout_button()\n        home_page.drag_and_drop_ingredient_to_basket()\n        home_page.click_checkout_button()\n        new_order_id = home_page.get_number_in_modal_window_after_create_order()\n        home_page.close_order_window()\n        driver.get(f'{URLs.BASE_URL}{URLs.FEED_PAGE_URL}')\n>       assert feed_page.get_number_from_order_in_work() == f'0{new_order_id}'\n\ntests\\test_order_feed_page.py:117: \n_ _ _ _ _ _ _ _ _ _ _ _ _ _ _ _ _ _ _ _ _ _ _ _ _ _ _ _ _ _\npages\\order_feed_page.py:45: in get_number_from_order_in_work\n    return self.get_text_from_element(OrderFeedPageLocators.NUM_ORDER_IN_WORK)\npages\\base_page.py:40: in get_text_from_element\n    return self.find_element_with_wait(locator).text\npages\\base_page.py:14: in find_element_with_wait\n    until(expected_conditions.visibility_of_element_located(locator)))\n_ _ _ _ _ _ _ _ _ _ _ _ _ _ _ _ _ _ _ _ _ _ _ _ _ _ _ _ _ _\n\nself = <selenium.webdriver.support.wait.WebDriverWait (session=\"4e95b044-41c5-4bc3-aa1b-da2bf2c63df6\")>\nmethod = <function visibility_of_element_located.<locals>._predicate at 0x000001B27D277600>\nmessage = ''\n\n    def until(self, method: Callable[[D], Union[Literal[False], T]], message: str = \"\") -> T:\n        \"\"\"Wait until the method returns a value that is not False.\n    \n        Calls the method provided with the driver as an argument until the\n        return value does not evaluate to ``False``.\n    \n        Parameters:\n        ----------\n        method: callable(WebDriver)\n            - A callable object that takes a WebDriver instance as an argument.\n    \n        message: str\n            - Optional message for :exc:`TimeoutException`\n    \n        Return:\n        -------\n        object: T\n            - The result of the last call to `method`\n    \n        Raises:\n        -------\n        TimeoutException\n            - If 'method' does not return a truthy value within the WebDriverWait\n            object's timeout\n    \n        Example:\n        --------\n        >>> from selenium.webdriver.common.by import By\n        >>> from selenium.webdriver.support.ui import WebDriverWait\n        >>> from selenium.webdriver.support import expected_conditions as EC\n    \n        # Wait until an element is visible on the page\n        >>> wait = WebDriverWait(driver, 10)\n        >>> element = wait.until(EC.visibility_of_element_located((By.ID, \"exampleId\")))\n        >>> print(element.text)\n        \"\"\"\n        screen = None\n        stacktrace = None\n    \n        end_time = time.monotonic() + self._timeout\n        while True:\n            try:\n                value = method(self._driver)\n                if value:\n                    return value\n            except self._ignored_exceptions as exc:\n                screen = getattr(exc, \"screen\", None)\n                stacktrace = getattr(exc, \"stacktrace\", None)\n            if time.monotonic() > end_time:\n                break\n            time.sleep(self._poll)\n>       raise TimeoutException(message, screen, stacktrace)\nE       selenium.common.exceptions.TimeoutException: Message: \nE       Stacktrace:\nE       RemoteError@chrome://remote/content/shared/RemoteError.sys.mjs:8:8\nE       WebDriverError@chrome://remote/content/shared/webdriver/Errors.sys.mjs:193:5\nE       NoSuchElementError@chrome://remote/content/shared/webdriver/Errors.sys.mjs:511:5\nE       dom.find/</<@chrome://remote/content/shared/DOM.sys.mjs:136:16\n\n.venv\\Lib\\site-packages\\selenium\\webdriver\\support\\wait.py:146: TimeoutException"}, "steps": [{"name": "Кликнуть по кнопке \"Войти в аккаунт\" на главной", "status": "passed", "steps": [{"name": "Кликнуть на элемент", "status": "passed", "steps": [{"name": "Проверить ,что элемент кликабелен", "status": "passed", "parameters": [{"name": "locator", "value": "('xpath', '//button[ text()=\"Войти в аккаунт\" ]')"}], "start": 1738625934848, "stop": 1738625934866}], "parameters": [{"name": "locator", "value": "('xpath', '//button[ text()=\"Войти в аккаунт\" ]')"}], "start": 1738625934848, "stop": 1738625935175}], "start": 1738625934848, "stop": 1738625935175}, {"name": "Ввести Email и пароль", "status": "passed", "steps": [{"name": "Ввести значение в поле ввода", "status": "passed", "parameters": [{"name": "locator", "value": "('xpath', '//input[@name=\"name\"]')"}, {"name": "keys", "value": "'olsonlogan@example.com'"}], "start": 1738625935175, "stop": 1738625935217}, {"name": "Ввести значение в поле ввода", "status": "passed", "parameters": [{"name": "locator", "value": "('xpath', '//input[@name=\"Пароль\"]')"}, {"name": "keys", "value": "'#UUU5g3v*7'"}], "start": 1738625935217, "stop": 1738625935231}], "parameters": [{"name": "email", "value": "'olsonlogan@example.com'"}, {"name": "password", "value": "'#UUU5g3v*7'"}], "start": 1738625935175, "stop": 1738625935231}, {"name": "Кликнуть по кнопке \"Войти\"", "status": "passed", "steps": [{"name": "Кликнуть на элемент", "status": "passed", "steps": [{"name": "Проверить ,что элемент кликабелен", "status": "passed", "parameters": [{"name": "locator", "value": "('xpath', '//button[ text()=\"Войти\" ]')"}], "start": 1738625935231, "stop": 1738625935240}], "parameters": [{"name": "locator", "value": "('xpath', '//button[ text()=\"Войти\" ]')"}], "start": 1738625935231, "stop": 1738625935500}], "start": 1738625935231, "stop": 1738625935500}, {"name": "Проверка видимости кнопки Оформить заказ", "status": "passed", "steps": [{"name": "Подождать загрузку элемента", "status": "passed", "parameters": [{"name": "locator", "value": "('xpath', '//button[ text()=\"Оформить заказ\" ]')"}], "start": 1738625935500, "stop": 1738625936017}], "start": 1738625935500, "stop": 1738625936017}, {"name": "Перетащить ингредиент в конструктор бургера в корзине", "status": "passed", "steps": [{"name": "Подождать загрузку элемента", "status": "passed", "parameters": [{"name": "locator", "value": "('xpath', '//img[@alt=\"Флюоресцентная булка R2-D3\"]')"}], "start": 1738625936017, "stop": 1738625936023}, {"name": "Подождать загрузку элемента", "status": "passed", "parameters": [{"name": "locator", "value": "('xpath', '//section[contains(@class, \"BurgerConstructor_basket\")]')"}], "start": 1738625936023, "stop": 1738625936029}, {"name": "Перетащить элемент", "status": "passed", "parameters": [{"name": "from_element", "value": "<selenium.webdriver.remote.webelement.WebElement (session=\"4e95b044-41c5-4bc3-aa1b-da2bf2c63df6\", element=\"99265e80-ff8a-48a2-bef6-0b224123b333\")>"}, {"name": "to_element", "value": "<selenium.webdriver.remote.webelement.WebElement (session=\"4e95b044-41c5-4bc3-aa1b-da2bf2c63df6\", element=\"f6572037-99f6-4c07-82b4-35ee07f348c9\")>"}], "start": 1738625936030, "stop": 1738625940570}], "start": 1738625936017, "stop": 1738625940570}, {"name": "Кликнуть по кнопке \"Оформить заказ\" на главной", "status": "passed", "steps": [{"name": "Кликнуть на элемент", "status": "passed", "steps": [{"name": "Проверить ,что элемент кликабелен", "status": "passed", "parameters": [{"name": "locator", "value": "('xpath', '//button[ text()=\"Оформить заказ\" ]')"}], "start": 1738625940570, "stop": 1738625940581}], "parameters": [{"name": "locator", "value": "('xpath', '//button[ text()=\"Оформить заказ\" ]')"}], "start": 1738625940570, "stop": 1738625940872}], "start": 1738625940570, "stop": 1738625940872}, {"name": "Получить номер заказа в модальном окне после создания заказа", "status": "passed", "steps": [{"name": "Подождать смену текста на элементе", "status": "passed", "parameters": [{"name": "locator", "value": "('xpath', '//section[contains(@class, \"Modal_modal_opened\")]//h2')"}, {"name": "value", "value": "'9999'"}], "start": 1738625940872, "stop": 1738625940879}, {"name": "Получить текст из элемента", "status": "passed", "steps": [{"name": "Подождать загрузку элемента", "status": "passed", "parameters": [{"name": "locator", "value": "('xpath', '//section[contains(@class, \"Modal_modal_opened\")]//h2')"}], "start": 1738625950880, "stop": 1738625950889}], "parameters": [{"name": "locator", "value": "('xpath', '//section[contains(@class, \"Modal_modal_opened\")]//h2')"}], "start": 1738625950880, "stop": 1738625950893}], "start": 1738625940872, "stop": 1738625950893}, {"name": "Закрытие окна заказа", "status": "passed", "steps": [{"name": "Подождать загрузку элемента", "status": "passed", "parameters": [{"name": "locator", "value": "('xpath', \"//button[@type='button']\")"}], "start": 1738625950893, "stop": 1738625950901}], "start": 1738625950893, "stop": 1738625950911}, {"name": "Получить номер заказа в \"В работе\"", "status": "broken", "statusDetails": {"message": "selenium.common.exceptions.TimeoutException: Message: \nStacktrace:\nRemoteError@chrome://remote/content/shared/RemoteError.sys.mjs:8:8\nWebDriverError@chrome://remote/content/shared/webdriver/Errors.sys.mjs:193:5\nNoSuchElementError@chrome://remote/content/shared/webdriver/Errors.sys.mjs:511:5\ndom.find/</<@chrome://remote/content/shared/DOM.sys.mjs:136:16\n\n", "trace": "  File \"C:\\Users\\ateml\\PycharmProjects\\Diplom\\Diplom_3\\.venv\\Lib\\site-packages\\allure_commons\\_allure.py\", line 192, in impl\n    return func(*a, **kw)\n  File \"C:\\Users\\ateml\\PycharmProjects\\Diplom\\Diplom_3\\pages\\order_feed_page.py\", line 45, in get_number_from_order_in_work\n    return self.get_text_from_element(OrderFeedPageLocators.NUM_ORDER_IN_WORK)\n           ~~~~~~~~~~~~~~~~~~~~~~~~~~^^^^^^^^^^^^^^^^^^^^^^^^^^^^^^^^^^^^^^^^^\n  File \"C:\\Users\\ateml\\PycharmProjects\\Diplom\\Diplom_3\\.venv\\Lib\\site-packages\\allure_commons\\_allure.py\", line 192, in impl\n    return func(*a, **kw)\n  File \"C:\\Users\\ateml\\PycharmProjects\\Diplom\\Diplom_3\\pages\\base_page.py\", line 40, in get_text_from_element\n    return self.find_element_with_wait(locator).text\n           ~~~~~~~~~~~~~~~~~~~~~~~~~~~^^^^^^^^^\n  File \"C:\\Users\\ateml\\PycharmProjects\\Diplom\\Diplom_3\\.venv\\Lib\\site-packages\\allure_commons\\_allure.py\", line 192, in impl\n    return func(*a, **kw)\n  File \"C:\\Users\\ateml\\PycharmProjects\\Diplom\\Diplom_3\\pages\\base_page.py\", line 14, in find_element_with_wait\n    until(expected_conditions.visibility_of_element_located(locator)))\n    ~~~~~^^^^^^^^^^^^^^^^^^^^^^^^^^^^^^^^^^^^^^^^^^^^^^^^^^^^^^^^^^^^\n  File \"C:\\Users\\ateml\\PycharmProjects\\Diplom\\Diplom_3\\.venv\\Lib\\site-packages\\selenium\\webdriver\\support\\wait.py\", line 146, in until\n    raise TimeoutException(message, screen, stacktrace)\n"}, "steps": [{"name": "Получить текст из элемента", "status": "broken", "statusDetails": {"message": "selenium.common.exceptions.TimeoutException: Message: \nStacktrace:\nRemoteError@chrome://remote/content/shared/RemoteError.sys.mjs:8:8\nWebDriverError@chrome://remote/content/shared/webdriver/Errors.sys.mjs:193:5\nNoSuchElementError@chrome://remote/content/shared/webdriver/Errors.sys.mjs:511:5\ndom.find/</<@chrome://remote/content/shared/DOM.sys.mjs:136:16\n\n", "trace": "  File \"C:\\Users\\ateml\\PycharmProjects\\Diplom\\Diplom_3\\.venv\\Lib\\site-packages\\allure_commons\\_allure.py\", line 192, in impl\n    return func(*a, **kw)\n  File \"C:\\Users\\ateml\\PycharmProjects\\Diplom\\Diplom_3\\pages\\base_page.py\", line 40, in get_text_from_element\n    return self.find_element_with_wait(locator).text\n           ~~~~~~~~~~~~~~~~~~~~~~~~~~~^^^^^^^^^\n  File \"C:\\Users\\ateml\\PycharmProjects\\Diplom\\Diplom_3\\.venv\\Lib\\site-packages\\allure_commons\\_allure.py\", line 192, in impl\n    return func(*a, **kw)\n  File \"C:\\Users\\ateml\\PycharmProjects\\Diplom\\Diplom_3\\pages\\base_page.py\", line 14, in find_element_with_wait\n    until(expected_conditions.visibility_of_element_located(locator)))\n    ~~~~~^^^^^^^^^^^^^^^^^^^^^^^^^^^^^^^^^^^^^^^^^^^^^^^^^^^^^^^^^^^^\n  File \"C:\\Users\\ateml\\PycharmProjects\\Diplom\\Diplom_3\\.venv\\Lib\\site-packages\\selenium\\webdriver\\support\\wait.py\", line 146, in until\n    raise TimeoutException(message, screen, stacktrace)\n"}, "steps": [{"name": "Подождать загрузку элемента", "status": "broken", "statusDetails": {"message": "selenium.common.exceptions.TimeoutException: Message: \nStacktrace:\nRemoteError@chrome://remote/content/shared/RemoteError.sys.mjs:8:8\nWebDriverError@chrome://remote/content/shared/webdriver/Errors.sys.mjs:193:5\nNoSuchElementError@chrome://remote/content/shared/webdriver/Errors.sys.mjs:511:5\ndom.find/</<@chrome://remote/content/shared/DOM.sys.mjs:136:16\n\n", "trace": "  File \"C:\\Users\\ateml\\PycharmProjects\\Diplom\\Diplom_3\\.venv\\Lib\\site-packages\\allure_commons\\_allure.py\", line 192, in impl\n    return func(*a, **kw)\n  File \"C:\\Users\\ateml\\PycharmProjects\\Diplom\\Diplom_3\\pages\\base_page.py\", line 14, in find_element_with_wait\n    until(expected_conditions.visibility_of_element_located(locator)))\n    ~~~~~^^^^^^^^^^^^^^^^^^^^^^^^^^^^^^^^^^^^^^^^^^^^^^^^^^^^^^^^^^^^\n  File \"C:\\Users\\ateml\\PycharmProjects\\Diplom\\Diplom_3\\.venv\\Lib\\site-packages\\selenium\\webdriver\\support\\wait.py\", line 146, in until\n    raise TimeoutException(message, screen, stacktrace)\n"}, "parameters": [{"name": "locator", "value": "('xpath', '//ul[contains(@class, \"OrderFeed_orderListReady\")]/li[contains(@class, \"text_type_digits-default\")]')"}], "start": 1738625951391, "stop": 1738625961457}], "parameters": [{"name": "locator", "value": "('xpath', '//ul[contains(@class, \"OrderFeed_orderListReady\")]/li[contains(@class, \"text_type_digits-default\")]')"}], "start": 1738625951391, "stop": 1738625961458}], "start": 1738625951391, "stop": 1738625961459}], "parameters": [{"name": "driver", "value": "'firefox'"}], "start": 1738625934847, "stop": 1738625961460, "uuid": "edcaa984-19d0-47c4-bc0a-3041b09b4fb5", "historyId": "5289f1a86aca482a608c25ee2b1fda44", "testCaseId": "3fc1907fa8b1d79c05b31631ba8f6536", "fullName": "tests.test_order_feed_page.TestOrderFeedPage#test_check_displaying_new_order_in_work", "labels": [{"name": "parentSuite", "value": "tests"}, {"name": "suite", "value": "test_order_feed_page"}, {"name": "subSuite", "value": "TestOrderFeedPage"}, {"name": "host", "value": "Block"}, {"name": "thread", "value": "18552-MainThread"}, {"name": "framework", "value": "pytest"}, {"name": "language", "value": "cpython3"}, {"name": "package", "value": "tests.test_order_feed_page"}]}